[2023-11-20T05:57:23.763740+00:00] main.ERROR: Search engine 'elasticsearch' is not an available search engine.
#0 /var/www/html/popup/setup/src/Magento/Setup/Model/SearchConfig.php(62): Magento\Setup\Model\SearchConfig->validateSearchEngineSelection()
#1 /var/www/html/popup/setup/src/Magento/Setup/Model/Installer.php(1210): Magento\Setup\Model\SearchConfig->saveConfiguration()
#2 [internal function]: Magento\Setup\Model\Installer->installSearchConfiguration()
#3 /var/www/html/popup/setup/src/Magento/Setup/Model/Installer.php(388): call_user_func_array()
#4 /var/www/html/popup/setup/src/Magento/Setup/Console/Command/InstallCommand.php(237): Magento\Setup\Model\Installer->install()
#5 /var/www/html/popup/vendor/symfony/console/Command/Command.php(298): Magento\Setup\Console\Command\InstallCommand->execute()
#6 /var/www/html/popup/vendor/symfony/console/Application.php(1040): Symfony\Component\Console\Command\Command->run()
#7 /var/www/html/popup/vendor/symfony/console/Application.php(301): Symfony\Component\Console\Application->doRunCommand()
#8 /var/www/html/popup/vendor/magento/framework/Console/Cli.php(116): Symfony\Component\Console\Application->doRun()
#9 /var/www/html/popup/vendor/symfony/console/Application.php(171): Magento\Framework\Console\Cli->doRun()
#10 /var/www/html/popup/bin/magento(23): Symfony\Component\Console\Application->run()
#11 {main} [] []
[2023-11-20T08:54:27.752875+00:00] main.ERROR: Sample Data error: Warning: file_get_contents(/var/www/html/popup/pub/media/downloadable/files/links/l/u/luma_background_-_model_against_fence_4_sec_.mp4): Failed to open stream: No such file or directory in /var/www/html/popup/vendor/magento/module-downloadable-sample-data/Model/Product/Converter.php on line 132 [] []
[2023-11-20T08:55:06.851474+00:00] main.WARNING: Memory size allocated for the temporary table is more than 20% of innodb_buffer_pool_size. Please update innodb_buffer_pool_size or decrease batch size value (which decreases memory usages for the temporary table). Current batch size: 100000; Allocated memory size: 50000000 bytes; InnoDB buffer pool size: 134217728 bytes. [] []
[2023-11-20T08:55:06.894274+00:00] main.WARNING: Memory size allocated for the temporary table is more than 20% of innodb_buffer_pool_size. Please update innodb_buffer_pool_size or decrease batch size value (which decreases memory usages for the temporary table). Current batch size: 100000; Allocated memory size: 50000000 bytes; InnoDB buffer pool size: 134217728 bytes. [] []
[2023-11-20T08:55:06.945672+00:00] main.WARNING: Memory size allocated for the temporary table is more than 20% of innodb_buffer_pool_size. Please update innodb_buffer_pool_size or decrease batch size value (which decreases memory usages for the temporary table). Current batch size: 100000; Allocated memory size: 50000000 bytes; InnoDB buffer pool size: 134217728 bytes. [] []
[2023-11-20T08:55:07.088349+00:00] main.WARNING: Memory size allocated for the temporary table is more than 20% of innodb_buffer_pool_size. Please update innodb_buffer_pool_size or decrease batch size value (which decreases memory usages for the temporary table). Current batch size: 100000; Allocated memory size: 50000000 bytes; InnoDB buffer pool size: 134217728 bytes. [] []
[2023-11-20T08:55:07.133649+00:00] main.WARNING: Memory size allocated for the temporary table is more than 20% of innodb_buffer_pool_size. Please update innodb_buffer_pool_size or decrease batch size value (which decreases memory usages for the temporary table). Current batch size: 100000; Allocated memory size: 50000000 bytes; InnoDB buffer pool size: 134217728 bytes. [] []
[2023-11-20T08:55:07.185388+00:00] main.WARNING: Memory size allocated for the temporary table is more than 20% of innodb_buffer_pool_size. Please update innodb_buffer_pool_size or decrease batch size value (which decreases memory usages for the temporary table). Current batch size: 100000; Allocated memory size: 50000000 bytes; InnoDB buffer pool size: 134217728 bytes. [] []
[2023-11-20T08:55:12.465295+00:00] main.WARNING: Memory size allocated for the temporary table is more than 20% of innodb_buffer_pool_size. Please update innodb_buffer_pool_size or decrease batch size value (which decreases memory usages for the temporary table). Current batch size: 3334; Allocated memory size: 40008000 bytes; InnoDB buffer pool size: 134217728 bytes. [] []
[2023-11-20T09:14:27.606122+00:00] main.INFO: Item Magento_Backend::system_currency was removed [] []
[2023-11-20T09:14:27.609390+00:00] main.INFO: Add of item with id Magento_Config::system_config was processed [] []
[2023-11-20T09:14:27.609461+00:00] main.INFO: Add of item with id Magento_AdminNotification::system_adminnotification was processed [] []
[2023-11-20T09:14:27.609495+00:00] main.INFO: Add of item with id Magento_Theme::design_config was processed [] []
[2023-11-20T09:14:27.609523+00:00] main.INFO: Add of item with id Magento_Theme::system_design_theme was processed [] []
[2023-11-20T09:14:27.609552+00:00] main.INFO: Add of item with id Magento_Backend::system_design_schedule was processed [] []
[2023-11-20T09:14:27.609584+00:00] main.INFO: Add of item with id Magento_Backend::system_store was processed [] []
[2023-11-20T09:14:27.609608+00:00] main.INFO: Add of item with id Magento_Backend::dashboard was processed [] []
[2023-11-20T09:14:27.609631+00:00] main.INFO: Add of item with id Magento_Backend::system was processed [] []
[2023-11-20T09:14:27.609658+00:00] main.INFO: Add of item with id Magento_Backend::system_tools was processed [] []
[2023-11-20T09:14:27.609687+00:00] main.INFO: Add of item with id Magento_Backend::system_design was processed [] []
[2023-11-20T09:14:27.609711+00:00] main.INFO: Add of item with id Magento_Backend::system_convert was processed [] []
[2023-11-20T09:14:27.609738+00:00] main.INFO: Add of item with id Magento_Backend::system_cache was processed [] []
[2023-11-20T09:14:27.609762+00:00] main.INFO: Add of item with id Magento_Backend::marketing was processed [] []
[2023-11-20T09:14:27.609790+00:00] main.INFO: Add of item with id Magento_Backend::marketing_communications was processed [] []
[2023-11-20T09:14:27.609815+00:00] main.INFO: Add of item with id Magento_Backend::marketing_seo was processed [] []
[2023-11-20T09:14:27.609837+00:00] main.INFO: Add of item with id Magento_Backend::marketing_user_content was processed [] []
[2023-11-20T09:14:27.609859+00:00] main.INFO: Add of item with id Magento_Backend::content was processed [] []
[2023-11-20T09:14:27.609881+00:00] main.INFO: Add of item with id Magento_Backend::content_elements was processed [] []
[2023-11-20T09:14:27.609903+00:00] main.INFO: Add of item with id Magento_Backend::stores was processed [] []
[2023-11-20T09:14:27.609928+00:00] main.INFO: Add of item with id Magento_Backend::stores_settings was processed [] []
[2023-11-20T09:14:27.609954+00:00] main.INFO: Add of item with id Magento_Backend::stores_attributes was processed [] []
[2023-11-20T09:14:27.609976+00:00] main.INFO: Add of item with id Magento_Backend::other_settings was processed [] []
[2023-11-20T09:14:27.609999+00:00] main.INFO: Add of item with id Magento_Backend::system_other_settings was processed [] []
[2023-11-20T09:14:27.610021+00:00] main.INFO: Add of item with id Magento_User::system_acl was processed [] []
[2023-11-20T09:14:27.610047+00:00] main.INFO: Add of item with id Magento_User::system_acl_users was processed [] []
[2023-11-20T09:14:27.610071+00:00] main.INFO: Add of item with id Magento_User::system_acl_roles was processed [] []
[2023-11-20T09:14:27.610093+00:00] main.INFO: Add of item with id Magento_User::system_acl_locks was processed [] []
[2023-11-20T09:14:27.610115+00:00] main.INFO: Add of item with id Magento_Customer::customer was processed [] []
[2023-11-20T09:14:27.610141+00:00] main.INFO: Add of item with id Magento_Customer::customer_manage was processed [] []
[2023-11-20T09:14:27.610198+00:00] main.INFO: Add of item with id Magento_Customer::customer_online was processed [] []
[2023-11-20T09:14:27.610222+00:00] main.INFO: Add of item with id Magento_Customer::customer_group was processed [] []
[2023-11-20T09:14:27.610245+00:00] main.INFO: Add of item with id Magento_Backup::system_tools_backup was processed [] []
[2023-11-20T09:14:27.610275+00:00] main.INFO: Add of item with id Magento_Indexer::system_index was processed [] []
[2023-11-20T09:14:27.610298+00:00] main.INFO: Add of item with id Magento_Variable::system_variable was processed [] []
[2023-11-20T09:14:27.610324+00:00] main.INFO: Add of item with id Magento_Cms::cms_page was processed [] []
[2023-11-20T09:14:27.610350+00:00] main.INFO: Add of item with id Magento_Cms::cms_block was processed [] []
[2023-11-20T09:14:27.610373+00:00] main.INFO: Add of item with id Magento_Catalog::catalog was processed [] []
[2023-11-20T09:14:27.610398+00:00] main.INFO: Add of item with id Magento_Catalog::catalog_products was processed [] []
[2023-11-20T09:14:27.610422+00:00] main.INFO: Add of item with id Magento_Catalog::catalog_categories was processed [] []
[2023-11-20T09:14:27.610454+00:00] main.INFO: Add of item with id Magento_Catalog::catalog_attributes_attributes was processed [] []
[2023-11-20T09:14:27.610489+00:00] main.INFO: Add of item with id Magento_Catalog::catalog_attributes_sets was processed [] []
[2023-11-20T09:14:27.610526+00:00] main.INFO: Add of item with id Magento_Catalog::inventory was processed [] []
[2023-11-20T09:14:27.610566+00:00] main.INFO: Add of item with id Magento_Search::search_terms was processed [] []
[2023-11-20T09:14:27.610603+00:00] main.INFO: Add of item with id Magento_Search::search_synonyms was processed [] []
[2023-11-20T09:14:27.610632+00:00] main.INFO: Add of item with id Magento_CatalogRule::promo was processed [] []
[2023-11-20T09:14:27.610660+00:00] main.INFO: Add of item with id Magento_CatalogRule::promo_catalog was processed [] []
[2023-11-20T09:14:27.610685+00:00] main.INFO: Add of item with id Magento_Sales::sales was processed [] []
[2023-11-20T09:14:27.610720+00:00] main.INFO: Add of item with id Magento_Sales::sales_operation was processed [] []
[2023-11-20T09:14:27.610761+00:00] main.INFO: Add of item with id Magento_Sales::sales_order was processed [] []
[2023-11-20T09:14:27.610806+00:00] main.INFO: Add of item with id Magento_Sales::sales_invoice was processed [] []
[2023-11-20T09:14:27.610832+00:00] main.INFO: Add of item with id Magento_Sales::sales_shipment was processed [] []
[2023-11-20T09:14:27.610856+00:00] main.INFO: Add of item with id Magento_Sales::sales_creditmemo was processed [] []
[2023-11-20T09:14:27.610878+00:00] main.INFO: Add of item with id Magento_Sales::sales_transactions was processed [] []
[2023-11-20T09:14:27.610902+00:00] main.INFO: Add of item with id Magento_Sales::system_order_statuses was processed [] []
[2023-11-20T09:14:27.610941+00:00] main.INFO: Add of item with id Magento_MediaGalleryUi::media was processed [] []
[2023-11-20T09:14:27.610987+00:00] main.INFO: Add of item with id Magento_MediaGalleryUi::media_gallery was processed [] []
[2023-11-20T09:14:27.611024+00:00] main.INFO: Add of item with id Magento_Downloadable::report_products_downloads was processed [] []
[2023-11-20T09:14:27.611050+00:00] main.INFO: Add of item with id Magento_Integration::system_extensions was processed [] []
[2023-11-20T09:14:27.611078+00:00] main.INFO: Add of item with id Magento_Integration::system_integrations was processed [] []
[2023-11-20T09:14:27.611103+00:00] main.INFO: Add of item with id Magento_UrlRewrite::urlrewrite was processed [] []
[2023-11-20T09:14:27.611126+00:00] main.INFO: Add of item with id Magento_Tax::sales_tax was processed [] []
[2023-11-20T09:14:27.611152+00:00] main.INFO: Add of item with id Magento_Tax::sales_tax_rules was processed [] []
[2023-11-20T09:14:27.611176+00:00] main.INFO: Add of item with id Magento_Tax::sales_tax_rates was processed [] []
[2023-11-20T09:14:27.611203+00:00] main.INFO: Add of item with id Magento_Widget::cms_widget_instance was processed [] []
[2023-11-20T09:14:27.611230+00:00] main.INFO: Add of item with id Magento_Analytics::business_intelligence was processed [] []
[2023-11-20T09:14:27.611257+00:00] main.INFO: Add of item with id Magento_Analytics::advanced_reporting was processed [] []
[2023-11-20T09:14:27.611284+00:00] main.INFO: Add of item with id Magento_Analytics::bi_essentials was processed [] []
[2023-11-20T09:14:27.611309+00:00] main.INFO: Add of item with id Magento_ImportExport::system_convert_import was processed [] []
[2023-11-20T09:14:27.611334+00:00] main.INFO: Add of item with id Magento_ImportExport::system_convert_export was processed [] []
[2023-11-20T09:14:27.611357+00:00] main.INFO: Add of item with id Magento_ImportExport::system_convert_history was processed [] []
[2023-11-20T09:14:27.611383+00:00] main.INFO: Add of item with id Magento_Email::template was processed [] []
[2023-11-20T09:14:27.611408+00:00] main.INFO: Add of item with id Magento_EncryptionKey::system_crypt_key was processed [] []
[2023-11-20T09:14:27.611431+00:00] main.INFO: Add of item with id Magento_InventoryAdminUi::inventory was processed [] []
[2023-11-20T09:14:27.611457+00:00] main.INFO: Add of item with id Magento_InventoryAdminUi::source was processed [] []
[2023-11-20T09:14:27.611481+00:00] main.INFO: Add of item with id Magento_InventoryAdminUi::stock was processed [] []
[2023-11-20T09:14:27.611505+00:00] main.INFO: Add of item with id Magento_Reports::report was processed [] []
[2023-11-20T09:14:27.611527+00:00] main.INFO: Add of item with id Magento_Reports::report_marketing was processed [] []
[2023-11-20T09:14:27.611549+00:00] main.INFO: Add of item with id Magento_Reports::report_salesroot was processed [] []
[2023-11-20T09:14:27.611574+00:00] main.INFO: Add of item with id Magento_Reports::report_salesroot_sales was processed [] []
[2023-11-20T09:14:27.611598+00:00] main.INFO: Add of item with id Magento_Reports::report_salesroot_tax was processed [] []
[2023-11-20T09:14:27.611621+00:00] main.INFO: Add of item with id Magento_Reports::report_salesroot_invoiced was processed [] []
[2023-11-20T09:14:27.611643+00:00] main.INFO: Add of item with id Magento_Reports::report_salesroot_shipping was processed [] []
[2023-11-20T09:14:27.611664+00:00] main.INFO: Add of item with id Magento_Reports::report_salesroot_refunded was processed [] []
[2023-11-20T09:14:27.611685+00:00] main.INFO: Add of item with id Magento_Reports::report_salesroot_coupons was processed [] []
[2023-11-20T09:14:27.611710+00:00] main.INFO: Add of item with id Magento_Reports::report_shopcart_product was processed [] []
[2023-11-20T09:14:27.611733+00:00] main.INFO: Add of item with id Magento_Reports::report_shopcart_abandoned was processed [] []
[2023-11-20T09:14:27.611755+00:00] main.INFO: Add of item with id Magento_Reports::report_products was processed [] []
[2023-11-20T09:14:27.611776+00:00] main.INFO: Add of item with id Magento_Reports::report_products_bestsellers was processed [] []
[2023-11-20T09:14:27.611798+00:00] main.INFO: Add of item with id Magento_Reports::report_products_sold was processed [] []
[2023-11-20T09:14:27.611818+00:00] main.INFO: Add of item with id Magento_Reports::report_products_viewed was processed [] []
[2023-11-20T09:14:27.611839+00:00] main.INFO: Add of item with id Magento_Reports::report_products_lowstock was processed [] []
[2023-11-20T09:14:27.611859+00:00] main.INFO: Add of item with id Magento_Reports::report_customers was processed [] []
[2023-11-20T09:14:27.611884+00:00] main.INFO: Add of item with id Magento_Reports::report_customers_accounts was processed [] []
[2023-11-20T09:14:27.611908+00:00] main.INFO: Add of item with id Magento_Reports::report_customers_totals was processed [] []
[2023-11-20T09:14:27.611930+00:00] main.INFO: Add of item with id Magento_Reports::report_customers_orders was processed [] []
[2023-11-20T09:14:27.611951+00:00] main.INFO: Add of item with id Magento_Reports::report_statistics was processed [] []
[2023-11-20T09:14:27.611978+00:00] main.INFO: Add of item with id Magento_Reports::report_statistics_refresh was processed [] []
[2023-11-20T09:14:27.612002+00:00] main.INFO: Add of item with id Magento_Search::report_search_term was processed [] []
[2023-11-20T09:14:27.612024+00:00] main.INFO: Add of item with id Magento_LoginAsCustomerLog::login_log was processed [] []
[2023-11-20T09:14:27.612048+00:00] main.INFO: Add of item with id Magento_Marketplace::partners was processed [] []
[2023-11-20T09:14:27.612070+00:00] main.INFO: Add of item with id Magento_Newsletter::newsletter_template was processed [] []
[2023-11-20T09:14:27.612092+00:00] main.INFO: Add of item with id Magento_Newsletter::newsletter_queue was processed [] []
[2023-11-20T09:14:27.612112+00:00] main.INFO: Add of item with id Magento_Newsletter::newsletter_subscriber was processed [] []
[2023-11-20T09:14:27.612133+00:00] main.INFO: Add of item with id Magento_Newsletter::newsletter_problem was processed [] []
[2023-11-20T09:14:27.612154+00:00] main.INFO: Add of item with id Magento_SalesRule::promo_quote was processed [] []
[2023-11-20T09:14:27.612175+00:00] main.INFO: Add of item with id Magento_Sitemap::catalog_sitemap was processed [] []
[2023-11-20T09:14:27.612197+00:00] main.INFO: Add of item with id Magento_PageBuilder::templates was processed [] []
[2023-11-20T09:14:27.612217+00:00] main.INFO: Add of item with id Magento_Paypal::report_salesroot_paypal_settlement_reports was processed [] []
[2023-11-20T09:14:27.612239+00:00] main.INFO: Add of item with id Magento_Paypal::paypal_billing_agreement was processed [] []
[2023-11-20T09:14:27.612260+00:00] main.INFO: Add of item with id Magento_Review::catalog_reviews_ratings_ratings was processed [] []
[2023-11-20T09:14:27.612286+00:00] main.INFO: Add of item with id Magento_Review::catalog_reviews_ratings_pending was processed [] []
[2023-11-20T09:14:27.612309+00:00] main.INFO: Add of item with id Magento_Review::catalog_reviews_ratings_reviews_all was processed [] []
[2023-11-20T09:14:27.612332+00:00] main.INFO: Add of item with id Magento_Review::report_review was processed [] []
[2023-11-20T09:14:27.612358+00:00] main.INFO: Add of item with id Magento_Review::report_review_customer was processed [] []
[2023-11-20T09:14:27.612383+00:00] main.INFO: Add of item with id Magento_Review::report_review_product was processed [] []
[2023-11-20T09:14:27.612407+00:00] main.INFO: Add of item with id Magento_CheckoutAgreements::sales_checkoutagreement was processed [] []
[2023-11-20T09:14:27.612429+00:00] main.INFO: Add of item with id Magento_TaxImportExport::system_convert_tax was processed [] []
[2023-11-20T09:14:27.612451+00:00] main.INFO: Add of item with id Magento_AsynchronousOperations::system_magento_logging was processed [] []
[2023-11-20T09:14:27.612477+00:00] main.INFO: Add of item with id Magento_AsynchronousOperations::system_magento_logging_bulk_operations was processed [] []
[2023-11-20T09:14:27.612502+00:00] main.INFO: Add of item with id Magento_CurrencySymbol::system_currency was processed [] []
[2023-11-20T09:14:27.612529+00:00] main.INFO: Add of item with id Magento_CurrencySymbol::system_currency_rates was processed [] []
[2023-11-20T09:14:27.612553+00:00] main.INFO: Add of item with id Magento_CurrencySymbol::system_currency_symbols was processed [] []
[2023-11-20T09:14:27.612576+00:00] main.INFO: Add of item with id PayPal_Braintree::settlement_report was processed [] []
[2023-11-20T09:14:27.612598+00:00] main.INFO: Add of item with id PayPal_Braintree::virtual_terminal was processed [] []
[2023-11-20T09:15:38.931843+00:00] main.INFO: Item Magento_Backend::system_currency was removed [] []
[2023-11-20T09:15:38.933358+00:00] main.INFO: Add of item with id Magento_Config::system_config was processed [] []
[2023-11-20T09:15:38.933416+00:00] main.INFO: Add of item with id Magento_AdminNotification::system_adminnotification was processed [] []
[2023-11-20T09:15:38.933446+00:00] main.INFO: Add of item with id Magento_Theme::design_config was processed [] []
[2023-11-20T09:15:38.933470+00:00] main.INFO: Add of item with id Magento_Theme::system_design_theme was processed [] []
[2023-11-20T09:15:38.933492+00:00] main.INFO: Add of item with id Magento_Backend::system_design_schedule was processed [] []
[2023-11-20T09:15:38.933513+00:00] main.INFO: Add of item with id Magento_Backend::system_store was processed [] []
[2023-11-20T09:15:38.933535+00:00] main.INFO: Add of item with id Magento_Backend::dashboard was processed [] []
[2023-11-20T09:15:38.933562+00:00] main.INFO: Add of item with id Magento_Backend::system was processed [] []
[2023-11-20T09:15:38.933587+00:00] main.INFO: Add of item with id Magento_Backend::system_tools was processed [] []
[2023-11-20T09:15:38.933614+00:00] main.INFO: Add of item with id Magento_Backend::system_design was processed [] []
[2023-11-20T09:15:38.933636+00:00] main.INFO: Add of item with id Magento_Backend::system_convert was processed [] []
[2023-11-20T09:15:38.933661+00:00] main.INFO: Add of item with id Magento_Backend::system_cache was processed [] []
[2023-11-20T09:15:38.933683+00:00] main.INFO: Add of item with id Magento_Backend::marketing was processed [] []
[2023-11-20T09:15:38.933707+00:00] main.INFO: Add of item with id Magento_Backend::marketing_communications was processed [] []
[2023-11-20T09:15:38.933729+00:00] main.INFO: Add of item with id Magento_Backend::marketing_seo was processed [] []
[2023-11-20T09:15:38.933754+00:00] main.INFO: Add of item with id Magento_Backend::marketing_user_content was processed [] []
[2023-11-20T09:15:38.933774+00:00] main.INFO: Add of item with id Magento_Backend::content was processed [] []
[2023-11-20T09:15:38.933795+00:00] main.INFO: Add of item with id Magento_Backend::content_elements was processed [] []
[2023-11-20T09:15:38.933815+00:00] main.INFO: Add of item with id Magento_Backend::stores was processed [] []
[2023-11-20T09:15:38.933838+00:00] main.INFO: Add of item with id Magento_Backend::stores_settings was processed [] []
[2023-11-20T09:15:38.933861+00:00] main.INFO: Add of item with id Magento_Backend::stores_attributes was processed [] []
[2023-11-20T09:15:38.933881+00:00] main.INFO: Add of item with id Magento_Backend::other_settings was processed [] []
[2023-11-20T09:15:38.933901+00:00] main.INFO: Add of item with id Magento_Backend::system_other_settings was processed [] []
[2023-11-20T09:15:38.933921+00:00] main.INFO: Add of item with id Magento_User::system_acl was processed [] []
[2023-11-20T09:15:38.933945+00:00] main.INFO: Add of item with id Magento_User::system_acl_users was processed [] []
[2023-11-20T09:15:38.933967+00:00] main.INFO: Add of item with id Magento_User::system_acl_roles was processed [] []
[2023-11-20T09:15:38.933988+00:00] main.INFO: Add of item with id Magento_User::system_acl_locks was processed [] []
[2023-11-20T09:15:38.934010+00:00] main.INFO: Add of item with id Magento_Customer::customer was processed [] []
[2023-11-20T09:15:38.934035+00:00] main.INFO: Add of item with id Magento_Customer::customer_manage was processed [] []
[2023-11-20T09:15:38.934060+00:00] main.INFO: Add of item with id Magento_Customer::customer_online was processed [] []
[2023-11-20T09:15:38.934083+00:00] main.INFO: Add of item with id Magento_Customer::customer_group was processed [] []
[2023-11-20T09:15:38.934106+00:00] main.INFO: Add of item with id Magento_Backup::system_tools_backup was processed [] []
[2023-11-20T09:15:38.934128+00:00] main.INFO: Add of item with id Magento_Indexer::system_index was processed [] []
[2023-11-20T09:15:38.934150+00:00] main.INFO: Add of item with id Magento_Variable::system_variable was processed [] []
[2023-11-20T09:15:38.934176+00:00] main.INFO: Add of item with id Magento_Cms::cms_page was processed [] []
[2023-11-20T09:15:38.934202+00:00] main.INFO: Add of item with id Magento_Cms::cms_block was processed [] []
[2023-11-20T09:15:38.934226+00:00] main.INFO: Add of item with id Magento_Catalog::catalog was processed [] []
[2023-11-20T09:15:38.934252+00:00] main.INFO: Add of item with id Magento_Catalog::catalog_products was processed [] []
[2023-11-20T09:15:38.934276+00:00] main.INFO: Add of item with id Magento_Catalog::catalog_categories was processed [] []
[2023-11-20T09:15:38.934302+00:00] main.INFO: Add of item with id Magento_Catalog::catalog_attributes_attributes was processed [] []
[2023-11-20T09:15:38.934328+00:00] main.INFO: Add of item with id Magento_Catalog::catalog_attributes_sets was processed [] []
[2023-11-20T09:15:38.934356+00:00] main.INFO: Add of item with id Magento_Catalog::inventory was processed [] []
[2023-11-20T09:15:38.934385+00:00] main.INFO: Add of item with id Magento_Search::search_terms was processed [] []
[2023-11-20T09:15:38.934409+00:00] main.INFO: Add of item with id Magento_Search::search_synonyms was processed [] []
[2023-11-20T09:15:38.934432+00:00] main.INFO: Add of item with id Magento_CatalogRule::promo was processed [] []
[2023-11-20T09:15:38.934458+00:00] main.INFO: Add of item with id Magento_CatalogRule::promo_catalog was processed [] []
[2023-11-20T09:15:38.934482+00:00] main.INFO: Add of item with id Magento_Sales::sales was processed [] []
[2023-11-20T09:15:38.934509+00:00] main.INFO: Add of item with id Magento_Sales::sales_operation was processed [] []
[2023-11-20T09:15:38.934539+00:00] main.INFO: Add of item with id Magento_Sales::sales_order was processed [] []
[2023-11-20T09:15:38.934563+00:00] main.INFO: Add of item with id Magento_Sales::sales_invoice was processed [] []
[2023-11-20T09:15:38.934589+00:00] main.INFO: Add of item with id Magento_Sales::sales_shipment was processed [] []
[2023-11-20T09:15:38.934612+00:00] main.INFO: Add of item with id Magento_Sales::sales_creditmemo was processed [] []
[2023-11-20T09:15:38.934634+00:00] main.INFO: Add of item with id Magento_Sales::sales_transactions was processed [] []
[2023-11-20T09:15:38.934656+00:00] main.INFO: Add of item with id Magento_Sales::system_order_statuses was processed [] []
[2023-11-20T09:15:38.934678+00:00] main.INFO: Add of item with id Magento_MediaGalleryUi::media was processed [] []
[2023-11-20T09:15:38.934704+00:00] main.INFO: Add of item with id Magento_MediaGalleryUi::media_gallery was processed [] []
[2023-11-20T09:15:38.934732+00:00] main.INFO: Add of item with id Magento_Downloadable::report_products_downloads was processed [] []
[2023-11-20T09:15:38.934756+00:00] main.INFO: Add of item with id Magento_Integration::system_extensions was processed [] []
[2023-11-20T09:15:38.934783+00:00] main.INFO: Add of item with id Magento_Integration::system_integrations was processed [] []
[2023-11-20T09:15:38.934832+00:00] main.INFO: Add of item with id Magento_UrlRewrite::urlrewrite was processed [] []
[2023-11-20T09:15:38.934856+00:00] main.INFO: Add of item with id Magento_Tax::sales_tax was processed [] []
[2023-11-20T09:15:38.934880+00:00] main.INFO: Add of item with id Magento_Tax::sales_tax_rules was processed [] []
[2023-11-20T09:15:38.934902+00:00] main.INFO: Add of item with id Magento_Tax::sales_tax_rates was processed [] []
[2023-11-20T09:15:38.934923+00:00] main.INFO: Add of item with id Magento_Widget::cms_widget_instance was processed [] []
[2023-11-20T09:15:38.934947+00:00] main.INFO: Add of item with id Magento_Analytics::business_intelligence was processed [] []
[2023-11-20T09:15:38.934973+00:00] main.INFO: Add of item with id Magento_Analytics::advanced_reporting was processed [] []
[2023-11-20T09:15:38.934995+00:00] main.INFO: Add of item with id Magento_Analytics::bi_essentials was processed [] []
[2023-11-20T09:15:38.935019+00:00] main.INFO: Add of item with id Magento_ImportExport::system_convert_import was processed [] []
[2023-11-20T09:15:38.935041+00:00] main.INFO: Add of item with id Magento_ImportExport::system_convert_export was processed [] []
[2023-11-20T09:15:38.935061+00:00] main.INFO: Add of item with id Magento_ImportExport::system_convert_history was processed [] []
[2023-11-20T09:15:38.935084+00:00] main.INFO: Add of item with id Magento_Email::template was processed [] []
[2023-11-20T09:15:38.935107+00:00] main.INFO: Add of item with id Magento_EncryptionKey::system_crypt_key was processed [] []
[2023-11-20T09:15:38.935127+00:00] main.INFO: Add of item with id Magento_InventoryAdminUi::inventory was processed [] []
[2023-11-20T09:15:38.935151+00:00] main.INFO: Add of item with id Magento_InventoryAdminUi::source was processed [] []
[2023-11-20T09:15:38.935173+00:00] main.INFO: Add of item with id Magento_InventoryAdminUi::stock was processed [] []
[2023-11-20T09:15:38.935194+00:00] main.INFO: Add of item with id Magento_Reports::report was processed [] []
[2023-11-20T09:15:38.935216+00:00] main.INFO: Add of item with id Magento_Reports::report_marketing was processed [] []
[2023-11-20T09:15:38.935237+00:00] main.INFO: Add of item with id Magento_Reports::report_salesroot was processed [] []
[2023-11-20T09:15:38.935260+00:00] main.INFO: Add of item with id Magento_Reports::report_salesroot_sales was processed [] []
[2023-11-20T09:15:38.935281+00:00] main.INFO: Add of item with id Magento_Reports::report_salesroot_tax was processed [] []
[2023-11-20T09:15:38.935302+00:00] main.INFO: Add of item with id Magento_Reports::report_salesroot_invoiced was processed [] []
[2023-11-20T09:15:38.935322+00:00] main.INFO: Add of item with id Magento_Reports::report_salesroot_shipping was processed [] []
[2023-11-20T09:15:38.935342+00:00] main.INFO: Add of item with id Magento_Reports::report_salesroot_refunded was processed [] []
[2023-11-20T09:15:38.935363+00:00] main.INFO: Add of item with id Magento_Reports::report_salesroot_coupons was processed [] []
[2023-11-20T09:15:38.935386+00:00] main.INFO: Add of item with id Magento_Reports::report_shopcart_product was processed [] []
[2023-11-20T09:15:38.935408+00:00] main.INFO: Add of item with id Magento_Reports::report_shopcart_abandoned was processed [] []
[2023-11-20T09:15:38.935429+00:00] main.INFO: Add of item with id Magento_Reports::report_products was processed [] []
[2023-11-20T09:15:38.935449+00:00] main.INFO: Add of item with id Magento_Reports::report_products_bestsellers was processed [] []
[2023-11-20T09:15:38.935469+00:00] main.INFO: Add of item with id Magento_Reports::report_products_sold was processed [] []
[2023-11-20T09:15:38.935488+00:00] main.INFO: Add of item with id Magento_Reports::report_products_viewed was processed [] []
[2023-11-20T09:15:38.935507+00:00] main.INFO: Add of item with id Magento_Reports::report_products_lowstock was processed [] []
[2023-11-20T09:15:38.935526+00:00] main.INFO: Add of item with id Magento_Reports::report_customers was processed [] []
[2023-11-20T09:15:38.935549+00:00] main.INFO: Add of item with id Magento_Reports::report_customers_accounts was processed [] []
[2023-11-20T09:15:38.935570+00:00] main.INFO: Add of item with id Magento_Reports::report_customers_totals was processed [] []
[2023-11-20T09:15:38.935590+00:00] main.INFO: Add of item with id Magento_Reports::report_customers_orders was processed [] []
[2023-11-20T09:15:38.935609+00:00] main.INFO: Add of item with id Magento_Reports::report_statistics was processed [] []
[2023-11-20T09:15:38.935632+00:00] main.INFO: Add of item with id Magento_Reports::report_statistics_refresh was processed [] []
[2023-11-20T09:15:38.935653+00:00] main.INFO: Add of item with id Magento_Search::report_search_term was processed [] []
[2023-11-20T09:15:38.935673+00:00] main.INFO: Add of item with id Magento_LoginAsCustomerLog::login_log was processed [] []
[2023-11-20T09:15:38.935693+00:00] main.INFO: Add of item with id Magento_Marketplace::partners was processed [] []
[2023-11-20T09:15:38.935712+00:00] main.INFO: Add of item with id Magento_Newsletter::newsletter_template was processed [] []
[2023-11-20T09:15:38.935732+00:00] main.INFO: Add of item with id Magento_Newsletter::newsletter_queue was processed [] []
[2023-11-20T09:15:38.935751+00:00] main.INFO: Add of item with id Magento_Newsletter::newsletter_subscriber was processed [] []
[2023-11-20T09:15:38.935771+00:00] main.INFO: Add of item with id Magento_Newsletter::newsletter_problem was processed [] []
[2023-11-20T09:15:38.935790+00:00] main.INFO: Add of item with id Magento_SalesRule::promo_quote was processed [] []
[2023-11-20T09:15:38.935809+00:00] main.INFO: Add of item with id Magento_Sitemap::catalog_sitemap was processed [] []
[2023-11-20T09:15:38.935829+00:00] main.INFO: Add of item with id Magento_PageBuilder::templates was processed [] []
[2023-11-20T09:15:38.935848+00:00] main.INFO: Add of item with id Magento_Paypal::report_salesroot_paypal_settlement_reports was processed [] []
[2023-11-20T09:15:38.935870+00:00] main.INFO: Add of item with id Magento_Paypal::paypal_billing_agreement was processed [] []
[2023-11-20T09:15:38.935890+00:00] main.INFO: Add of item with id Magento_Review::catalog_reviews_ratings_ratings was processed [] []
[2023-11-20T09:15:38.935912+00:00] main.INFO: Add of item with id Magento_Review::catalog_reviews_ratings_pending was processed [] []
[2023-11-20T09:15:38.935934+00:00] main.INFO: Add of item with id Magento_Review::catalog_reviews_ratings_reviews_all was processed [] []
[2023-11-20T09:15:38.935954+00:00] main.INFO: Add of item with id Magento_Review::report_review was processed [] []
[2023-11-20T09:15:38.935978+00:00] main.INFO: Add of item with id Magento_Review::report_review_customer was processed [] []
[2023-11-20T09:15:38.936000+00:00] main.INFO: Add of item with id Magento_Review::report_review_product was processed [] []
[2023-11-20T09:15:38.936020+00:00] main.INFO: Add of item with id Magento_CheckoutAgreements::sales_checkoutagreement was processed [] []
[2023-11-20T09:15:38.936042+00:00] main.INFO: Add of item with id Magento_TaxImportExport::system_convert_tax was processed [] []
[2023-11-20T09:15:38.936062+00:00] main.INFO: Add of item with id Magento_AsynchronousOperations::system_magento_logging was processed [] []
[2023-11-20T09:15:38.936085+00:00] main.INFO: Add of item with id Magento_AsynchronousOperations::system_magento_logging_bulk_operations was processed [] []
[2023-11-20T09:15:38.936108+00:00] main.INFO: Add of item with id Magento_CurrencySymbol::system_currency was processed [] []
[2023-11-20T09:15:38.936132+00:00] main.INFO: Add of item with id Magento_CurrencySymbol::system_currency_rates was processed [] []
[2023-11-20T09:15:38.936154+00:00] main.INFO: Add of item with id Magento_CurrencySymbol::system_currency_symbols was processed [] []
[2023-11-20T09:15:38.936174+00:00] main.INFO: Add of item with id PayPal_Braintree::settlement_report was processed [] []
[2023-11-20T09:15:38.936193+00:00] main.INFO: Add of item with id PayPal_Braintree::virtual_terminal was processed [] []
[2023-11-20T09:16:23.075467+00:00] main.WARNING: Memory size allocated for the temporary table is more than 20% of innodb_buffer_pool_size. Please update innodb_buffer_pool_size or decrease batch size value (which decreases memory usages for the temporary table). Current batch size: 100000; Allocated memory size: 50000000 bytes; InnoDB buffer pool size: 134217728 bytes. [] []
[2023-11-20T09:16:23.117725+00:00] main.WARNING: Memory size allocated for the temporary table is more than 20% of innodb_buffer_pool_size. Please update innodb_buffer_pool_size or decrease batch size value (which decreases memory usages for the temporary table). Current batch size: 100000; Allocated memory size: 50000000 bytes; InnoDB buffer pool size: 134217728 bytes. [] []
[2023-11-20T09:16:23.164290+00:00] main.WARNING: Memory size allocated for the temporary table is more than 20% of innodb_buffer_pool_size. Please update innodb_buffer_pool_size or decrease batch size value (which decreases memory usages for the temporary table). Current batch size: 100000; Allocated memory size: 50000000 bytes; InnoDB buffer pool size: 134217728 bytes. [] []
[2023-11-20T09:16:23.283536+00:00] main.WARNING: Memory size allocated for the temporary table is more than 20% of innodb_buffer_pool_size. Please update innodb_buffer_pool_size or decrease batch size value (which decreases memory usages for the temporary table). Current batch size: 100000; Allocated memory size: 50000000 bytes; InnoDB buffer pool size: 134217728 bytes. [] []
[2023-11-20T09:16:23.323490+00:00] main.WARNING: Memory size allocated for the temporary table is more than 20% of innodb_buffer_pool_size. Please update innodb_buffer_pool_size or decrease batch size value (which decreases memory usages for the temporary table). Current batch size: 100000; Allocated memory size: 50000000 bytes; InnoDB buffer pool size: 134217728 bytes. [] []
[2023-11-20T09:16:23.369435+00:00] main.WARNING: Memory size allocated for the temporary table is more than 20% of innodb_buffer_pool_size. Please update innodb_buffer_pool_size or decrease batch size value (which decreases memory usages for the temporary table). Current batch size: 100000; Allocated memory size: 50000000 bytes; InnoDB buffer pool size: 134217728 bytes. [] []
[2023-11-20T09:16:28.763872+00:00] main.WARNING: Memory size allocated for the temporary table is more than 20% of innodb_buffer_pool_size. Please update innodb_buffer_pool_size or decrease batch size value (which decreases memory usages for the temporary table). Current batch size: 3334; Allocated memory size: 40008000 bytes; InnoDB buffer pool size: 134217728 bytes. [] []
[2023-11-20T09:16:44.948285+00:00] main.INFO: Item Magento_Backend::system_currency was removed [] []
[2023-11-20T09:16:44.950879+00:00] main.INFO: Add of item with id Magento_Config::system_config was processed [] []
[2023-11-20T09:16:44.950957+00:00] main.INFO: Add of item with id Magento_AdminNotification::system_adminnotification was processed [] []
[2023-11-20T09:16:44.950995+00:00] main.INFO: Add of item with id Magento_Theme::design_config was processed [] []
[2023-11-20T09:16:44.951024+00:00] main.INFO: Add of item with id Magento_Theme::system_design_theme was processed [] []
[2023-11-20T09:16:44.951048+00:00] main.INFO: Add of item with id Magento_Backend::system_design_schedule was processed [] []
[2023-11-20T09:16:44.951072+00:00] main.INFO: Add of item with id Magento_Backend::system_store was processed [] []
[2023-11-20T09:16:44.951095+00:00] main.INFO: Add of item with id Magento_Backend::dashboard was processed [] []
[2023-11-20T09:16:44.951118+00:00] main.INFO: Add of item with id Magento_Backend::system was processed [] []
[2023-11-20T09:16:44.951155+00:00] main.INFO: Add of item with id Magento_Backend::system_tools was processed [] []
[2023-11-20T09:16:44.951189+00:00] main.INFO: Add of item with id Magento_Backend::system_design was processed [] []
[2023-11-20T09:16:44.951215+00:00] main.INFO: Add of item with id Magento_Backend::system_convert was processed [] []
[2023-11-20T09:16:44.951247+00:00] main.INFO: Add of item with id Magento_Backend::system_cache was processed [] []
[2023-11-20T09:16:44.951273+00:00] main.INFO: Add of item with id Magento_Backend::marketing was processed [] []
[2023-11-20T09:16:44.951304+00:00] main.INFO: Add of item with id Magento_Backend::marketing_communications was processed [] []
[2023-11-20T09:16:44.951331+00:00] main.INFO: Add of item with id Magento_Backend::marketing_seo was processed [] []
[2023-11-20T09:16:44.951354+00:00] main.INFO: Add of item with id Magento_Backend::marketing_user_content was processed [] []
[2023-11-20T09:16:44.951378+00:00] main.INFO: Add of item with id Magento_Backend::content was processed [] []
[2023-11-20T09:16:44.951400+00:00] main.INFO: Add of item with id Magento_Backend::content_elements was processed [] []
[2023-11-20T09:16:44.951422+00:00] main.INFO: Add of item with id Magento_Backend::stores was processed [] []
[2023-11-20T09:16:44.951452+00:00] main.INFO: Add of item with id Magento_Backend::stores_settings was processed [] []
[2023-11-20T09:16:44.951479+00:00] main.INFO: Add of item with id Magento_Backend::stores_attributes was processed [] []
[2023-11-20T09:16:44.951502+00:00] main.INFO: Add of item with id Magento_Backend::other_settings was processed [] []
[2023-11-20T09:16:44.951524+00:00] main.INFO: Add of item with id Magento_Backend::system_other_settings was processed [] []
[2023-11-20T09:16:44.951547+00:00] main.INFO: Add of item with id Magento_User::system_acl was processed [] []
[2023-11-20T09:16:44.951576+00:00] main.INFO: Add of item with id Magento_User::system_acl_users was processed [] []
[2023-11-20T09:16:44.951603+00:00] main.INFO: Add of item with id Magento_User::system_acl_roles was processed [] []
[2023-11-20T09:16:44.951626+00:00] main.INFO: Add of item with id Magento_User::system_acl_locks was processed [] []
[2023-11-20T09:16:44.951648+00:00] main.INFO: Add of item with id Magento_Customer::customer was processed [] []
[2023-11-20T09:16:44.951678+00:00] main.INFO: Add of item with id Magento_Customer::customer_manage was processed [] []
[2023-11-20T09:16:44.951707+00:00] main.INFO: Add of item with id Magento_Customer::customer_online was processed [] []
[2023-11-20T09:16:44.951730+00:00] main.INFO: Add of item with id Magento_Customer::customer_group was processed [] []
[2023-11-20T09:16:44.951752+00:00] main.INFO: Add of item with id Magento_Backup::system_tools_backup was processed [] []
[2023-11-20T09:16:44.951774+00:00] main.INFO: Add of item with id Magento_Indexer::system_index was processed [] []
[2023-11-20T09:16:44.951796+00:00] main.INFO: Add of item with id Magento_Variable::system_variable was processed [] []
[2023-11-20T09:16:44.951826+00:00] main.INFO: Add of item with id Magento_Cms::cms_page was processed [] []
[2023-11-20T09:16:44.951852+00:00] main.INFO: Add of item with id Magento_Cms::cms_block was processed [] []
[2023-11-20T09:16:44.951876+00:00] main.INFO: Add of item with id Magento_Catalog::catalog was processed [] []
[2023-11-20T09:16:44.951908+00:00] main.INFO: Add of item with id Magento_Catalog::catalog_products was processed [] []
[2023-11-20T09:16:44.951934+00:00] main.INFO: Add of item with id Magento_Catalog::catalog_categories was processed [] []
[2023-11-20T09:16:44.951965+00:00] main.INFO: Add of item with id Magento_Catalog::catalog_attributes_attributes was processed [] []
[2023-11-20T09:16:44.951992+00:00] main.INFO: Add of item with id Magento_Catalog::catalog_attributes_sets was processed [] []
[2023-11-20T09:16:44.952023+00:00] main.INFO: Add of item with id Magento_Catalog::inventory was processed [] []
[2023-11-20T09:16:44.952056+00:00] main.INFO: Add of item with id Magento_Search::search_terms was processed [] []
[2023-11-20T09:16:44.952084+00:00] main.INFO: Add of item with id Magento_Search::search_synonyms was processed [] []
[2023-11-20T09:16:44.952112+00:00] main.INFO: Add of item with id Magento_CatalogRule::promo was processed [] []
[2023-11-20T09:16:44.952156+00:00] main.INFO: Add of item with id Magento_CatalogRule::promo_catalog was processed [] []
[2023-11-20T09:16:44.952206+00:00] main.INFO: Add of item with id Magento_Sales::sales was processed [] []
[2023-11-20T09:16:44.952239+00:00] main.INFO: Add of item with id Magento_Sales::sales_operation was processed [] []
[2023-11-20T09:16:44.952274+00:00] main.INFO: Add of item with id Magento_Sales::sales_order was processed [] []
[2023-11-20T09:16:44.952300+00:00] main.INFO: Add of item with id Magento_Sales::sales_invoice was processed [] []
[2023-11-20T09:16:44.952324+00:00] main.INFO: Add of item with id Magento_Sales::sales_shipment was processed [] []
[2023-11-20T09:16:44.952346+00:00] main.INFO: Add of item with id Magento_Sales::sales_creditmemo was processed [] []
[2023-11-20T09:16:44.952369+00:00] main.INFO: Add of item with id Magento_Sales::sales_transactions was processed [] []
[2023-11-20T09:16:44.952391+00:00] main.INFO: Add of item with id Magento_Sales::system_order_statuses was processed [] []
[2023-11-20T09:16:44.952414+00:00] main.INFO: Add of item with id Magento_MediaGalleryUi::media was processed [] []
[2023-11-20T09:16:44.952445+00:00] main.INFO: Add of item with id Magento_MediaGalleryUi::media_gallery was processed [] []
[2023-11-20T09:16:44.952479+00:00] main.INFO: Add of item with id Magento_Downloadable::report_products_downloads was processed [] []
[2023-11-20T09:16:44.952505+00:00] main.INFO: Add of item with id Magento_Integration::system_extensions was processed [] []
[2023-11-20T09:16:44.952535+00:00] main.INFO: Add of item with id Magento_Integration::system_integrations was processed [] []
[2023-11-20T09:16:44.952562+00:00] main.INFO: Add of item with id Magento_UrlRewrite::urlrewrite was processed [] []
[2023-11-20T09:16:44.952585+00:00] main.INFO: Add of item with id Magento_Tax::sales_tax was processed [] []
[2023-11-20T09:16:44.952615+00:00] main.INFO: Add of item with id Magento_Tax::sales_tax_rules was processed [] []
[2023-11-20T09:16:44.952642+00:00] main.INFO: Add of item with id Magento_Tax::sales_tax_rates was processed [] []
[2023-11-20T09:16:44.952669+00:00] main.INFO: Add of item with id Magento_Widget::cms_widget_instance was processed [] []
[2023-11-20T09:16:44.952699+00:00] main.INFO: Add of item with id Magento_Analytics::business_intelligence was processed [] []
[2023-11-20T09:16:44.952732+00:00] main.INFO: Add of item with id Magento_Analytics::advanced_reporting was processed [] []
[2023-11-20T09:16:44.952759+00:00] main.INFO: Add of item with id Magento_Analytics::bi_essentials was processed [] []
[2023-11-20T09:16:44.952789+00:00] main.INFO: Add of item with id Magento_ImportExport::system_convert_import was processed [] []
[2023-11-20T09:16:44.952815+00:00] main.INFO: Add of item with id Magento_ImportExport::system_convert_export was processed [] []
[2023-11-20T09:16:44.952840+00:00] main.INFO: Add of item with id Magento_ImportExport::system_convert_history was processed [] []
[2023-11-20T09:16:44.952868+00:00] main.INFO: Add of item with id Magento_Email::template was processed [] []
[2023-11-20T09:16:44.952893+00:00] main.INFO: Add of item with id Magento_EncryptionKey::system_crypt_key was processed [] []
[2023-11-20T09:16:44.952914+00:00] main.INFO: Add of item with id Magento_InventoryAdminUi::inventory was processed [] []
[2023-11-20T09:16:44.952943+00:00] main.INFO: Add of item with id Magento_InventoryAdminUi::source was processed [] []
[2023-11-20T09:16:44.952968+00:00] main.INFO: Add of item with id Magento_InventoryAdminUi::stock was processed [] []
[2023-11-20T09:16:44.952989+00:00] main.INFO: Add of item with id Magento_Reports::report was processed [] []
[2023-11-20T09:16:44.953011+00:00] main.INFO: Add of item with id Magento_Reports::report_marketing was processed [] []
[2023-11-20T09:16:44.953034+00:00] main.INFO: Add of item with id Magento_Reports::report_salesroot was processed [] []
[2023-11-20T09:16:44.953062+00:00] main.INFO: Add of item with id Magento_Reports::report_salesroot_sales was processed [] []
[2023-11-20T09:16:44.953086+00:00] main.INFO: Add of item with id Magento_Reports::report_salesroot_tax was processed [] []
[2023-11-20T09:16:44.953107+00:00] main.INFO: Add of item with id Magento_Reports::report_salesroot_invoiced was processed [] []
[2023-11-20T09:16:44.953128+00:00] main.INFO: Add of item with id Magento_Reports::report_salesroot_shipping was processed [] []
[2023-11-20T09:16:44.953148+00:00] main.INFO: Add of item with id Magento_Reports::report_salesroot_refunded was processed [] []
[2023-11-20T09:16:44.953168+00:00] main.INFO: Add of item with id Magento_Reports::report_salesroot_coupons was processed [] []
[2023-11-20T09:16:44.953208+00:00] main.INFO: Add of item with id Magento_Reports::report_shopcart_product was processed [] []
[2023-11-20T09:16:44.953235+00:00] main.INFO: Add of item with id Magento_Reports::report_shopcart_abandoned was processed [] []
[2023-11-20T09:16:44.953258+00:00] main.INFO: Add of item with id Magento_Reports::report_products was processed [] []
[2023-11-20T09:16:44.953281+00:00] main.INFO: Add of item with id Magento_Reports::report_products_bestsellers was processed [] []
[2023-11-20T09:16:44.953304+00:00] main.INFO: Add of item with id Magento_Reports::report_products_sold was processed [] []
[2023-11-20T09:16:44.953327+00:00] main.INFO: Add of item with id Magento_Reports::report_products_viewed was processed [] []
[2023-11-20T09:16:44.953349+00:00] main.INFO: Add of item with id Magento_Reports::report_products_lowstock was processed [] []
[2023-11-20T09:16:44.953371+00:00] main.INFO: Add of item with id Magento_Reports::report_customers was processed [] []
[2023-11-20T09:16:44.953399+00:00] main.INFO: Add of item with id Magento_Reports::report_customers_accounts was processed [] []
[2023-11-20T09:16:44.953426+00:00] main.INFO: Add of item with id Magento_Reports::report_customers_totals was processed [] []
[2023-11-20T09:16:44.953448+00:00] main.INFO: Add of item with id Magento_Reports::report_customers_orders was processed [] []
[2023-11-20T09:16:44.953469+00:00] main.INFO: Add of item with id Magento_Reports::report_statistics was processed [] []
[2023-11-20T09:16:44.953498+00:00] main.INFO: Add of item with id Magento_Reports::report_statistics_refresh was processed [] []
[2023-11-20T09:16:44.953523+00:00] main.INFO: Add of item with id Magento_Search::report_search_term was processed [] []
[2023-11-20T09:16:44.953543+00:00] main.INFO: Add of item with id Magento_LoginAsCustomerLog::login_log was processed [] []
[2023-11-20T09:16:44.953564+00:00] main.INFO: Add of item with id Magento_Marketplace::partners was processed [] []
[2023-11-20T09:16:44.953585+00:00] main.INFO: Add of item with id Magento_Newsletter::newsletter_template was processed [] []
[2023-11-20T09:16:44.953608+00:00] main.INFO: Add of item with id Magento_Newsletter::newsletter_queue was processed [] []
[2023-11-20T09:16:44.953630+00:00] main.INFO: Add of item with id Magento_Newsletter::newsletter_subscriber was processed [] []
[2023-11-20T09:16:44.953652+00:00] main.INFO: Add of item with id Magento_Newsletter::newsletter_problem was processed [] []
[2023-11-20T09:16:44.953674+00:00] main.INFO: Add of item with id Magento_SalesRule::promo_quote was processed [] []
[2023-11-20T09:16:44.953697+00:00] main.INFO: Add of item with id Magento_Sitemap::catalog_sitemap was processed [] []
[2023-11-20T09:16:44.953719+00:00] main.INFO: Add of item with id Magento_PageBuilder::templates was processed [] []
[2023-11-20T09:16:44.953742+00:00] main.INFO: Add of item with id Magento_Paypal::report_salesroot_paypal_settlement_reports was processed [] []
[2023-11-20T09:16:44.953763+00:00] main.INFO: Add of item with id Magento_Paypal::paypal_billing_agreement was processed [] []
[2023-11-20T09:16:44.953792+00:00] main.INFO: Add of item with id Magento_Review::catalog_reviews_ratings_ratings was processed [] []
[2023-11-20T09:16:44.953824+00:00] main.INFO: Add of item with id Magento_Review::catalog_reviews_ratings_pending was processed [] []
[2023-11-20T09:16:44.953851+00:00] main.INFO: Add of item with id Magento_Review::catalog_reviews_ratings_reviews_all was processed [] []
[2023-11-20T09:16:44.953878+00:00] main.INFO: Add of item with id Magento_Review::report_review was processed [] []
[2023-11-20T09:16:44.953907+00:00] main.INFO: Add of item with id Magento_Review::report_review_customer was processed [] []
[2023-11-20T09:16:44.953930+00:00] main.INFO: Add of item with id Magento_Review::report_review_product was processed [] []
[2023-11-20T09:16:44.953952+00:00] main.INFO: Add of item with id Magento_CheckoutAgreements::sales_checkoutagreement was processed [] []
[2023-11-20T09:16:44.953979+00:00] main.INFO: Add of item with id Magento_TaxImportExport::system_convert_tax was processed [] []
[2023-11-20T09:16:44.954002+00:00] main.INFO: Add of item with id Magento_AsynchronousOperations::system_magento_logging was processed [] []
[2023-11-20T09:16:44.954032+00:00] main.INFO: Add of item with id Magento_AsynchronousOperations::system_magento_logging_bulk_operations was processed [] []
[2023-11-20T09:16:44.954060+00:00] main.INFO: Add of item with id Magento_CurrencySymbol::system_currency was processed [] []
[2023-11-20T09:16:44.954091+00:00] main.INFO: Add of item with id Magento_CurrencySymbol::system_currency_rates was processed [] []
[2023-11-20T09:16:44.954115+00:00] main.INFO: Add of item with id Magento_CurrencySymbol::system_currency_symbols was processed [] []
[2023-11-20T09:16:44.954140+00:00] main.INFO: Add of item with id PayPal_Braintree::settlement_report was processed [] []
[2023-11-20T09:16:44.954163+00:00] main.INFO: Add of item with id PayPal_Braintree::virtual_terminal was processed [] []
[2023-11-20T09:46:45.011407+00:00] main.WARNING: Memory size allocated for the temporary table is more than 20% of innodb_buffer_pool_size. Please update innodb_buffer_pool_size or decrease batch size value (which decreases memory usages for the temporary table). Current batch size: 100000; Allocated memory size: 50000000 bytes; InnoDB buffer pool size: 134217728 bytes. [] []
[2023-11-20T09:46:45.055993+00:00] main.WARNING: Memory size allocated for the temporary table is more than 20% of innodb_buffer_pool_size. Please update innodb_buffer_pool_size or decrease batch size value (which decreases memory usages for the temporary table). Current batch size: 100000; Allocated memory size: 50000000 bytes; InnoDB buffer pool size: 134217728 bytes. [] []
[2023-11-20T09:46:45.103678+00:00] main.WARNING: Memory size allocated for the temporary table is more than 20% of innodb_buffer_pool_size. Please update innodb_buffer_pool_size or decrease batch size value (which decreases memory usages for the temporary table). Current batch size: 100000; Allocated memory size: 50000000 bytes; InnoDB buffer pool size: 134217728 bytes. [] []
[2023-11-20T09:46:45.224673+00:00] main.WARNING: Memory size allocated for the temporary table is more than 20% of innodb_buffer_pool_size. Please update innodb_buffer_pool_size or decrease batch size value (which decreases memory usages for the temporary table). Current batch size: 100000; Allocated memory size: 50000000 bytes; InnoDB buffer pool size: 134217728 bytes. [] []
[2023-11-20T09:46:45.266618+00:00] main.WARNING: Memory size allocated for the temporary table is more than 20% of innodb_buffer_pool_size. Please update innodb_buffer_pool_size or decrease batch size value (which decreases memory usages for the temporary table). Current batch size: 100000; Allocated memory size: 50000000 bytes; InnoDB buffer pool size: 134217728 bytes. [] []
[2023-11-20T09:46:45.313394+00:00] main.WARNING: Memory size allocated for the temporary table is more than 20% of innodb_buffer_pool_size. Please update innodb_buffer_pool_size or decrease batch size value (which decreases memory usages for the temporary table). Current batch size: 100000; Allocated memory size: 50000000 bytes; InnoDB buffer pool size: 134217728 bytes. [] []
[2023-11-20T09:46:50.534156+00:00] main.WARNING: Memory size allocated for the temporary table is more than 20% of innodb_buffer_pool_size. Please update innodb_buffer_pool_size or decrease batch size value (which decreases memory usages for the temporary table). Current batch size: 3334; Allocated memory size: 40008000 bytes; InnoDB buffer pool size: 134217728 bytes. [] []
[2023-11-20T09:58:00.543160+00:00] main.WARNING: Memory size allocated for the temporary table is more than 20% of innodb_buffer_pool_size. Please update innodb_buffer_pool_size or decrease batch size value (which decreases memory usages for the temporary table). Current batch size: 100000; Allocated memory size: 50000000 bytes; InnoDB buffer pool size: 134217728 bytes. [] []
[2023-11-20T09:58:00.586109+00:00] main.WARNING: Memory size allocated for the temporary table is more than 20% of innodb_buffer_pool_size. Please update innodb_buffer_pool_size or decrease batch size value (which decreases memory usages for the temporary table). Current batch size: 100000; Allocated memory size: 50000000 bytes; InnoDB buffer pool size: 134217728 bytes. [] []
[2023-11-20T09:58:00.631801+00:00] main.WARNING: Memory size allocated for the temporary table is more than 20% of innodb_buffer_pool_size. Please update innodb_buffer_pool_size or decrease batch size value (which decreases memory usages for the temporary table). Current batch size: 100000; Allocated memory size: 50000000 bytes; InnoDB buffer pool size: 134217728 bytes. [] []
[2023-11-20T09:58:00.746966+00:00] main.WARNING: Memory size allocated for the temporary table is more than 20% of innodb_buffer_pool_size. Please update innodb_buffer_pool_size or decrease batch size value (which decreases memory usages for the temporary table). Current batch size: 100000; Allocated memory size: 50000000 bytes; InnoDB buffer pool size: 134217728 bytes. [] []
[2023-11-20T09:58:00.787425+00:00] main.WARNING: Memory size allocated for the temporary table is more than 20% of innodb_buffer_pool_size. Please update innodb_buffer_pool_size or decrease batch size value (which decreases memory usages for the temporary table). Current batch size: 100000; Allocated memory size: 50000000 bytes; InnoDB buffer pool size: 134217728 bytes. [] []
[2023-11-20T09:58:00.834351+00:00] main.WARNING: Memory size allocated for the temporary table is more than 20% of innodb_buffer_pool_size. Please update innodb_buffer_pool_size or decrease batch size value (which decreases memory usages for the temporary table). Current batch size: 100000; Allocated memory size: 50000000 bytes; InnoDB buffer pool size: 134217728 bytes. [] []
[2023-11-20T09:58:06.105144+00:00] main.WARNING: Memory size allocated for the temporary table is more than 20% of innodb_buffer_pool_size. Please update innodb_buffer_pool_size or decrease batch size value (which decreases memory usages for the temporary table). Current batch size: 3334; Allocated memory size: 40008000 bytes; InnoDB buffer pool size: 134217728 bytes. [] []
[2023-11-20T10:01:14.657428+00:00] main.WARNING: Memory size allocated for the temporary table is more than 20% of innodb_buffer_pool_size. Please update innodb_buffer_pool_size or decrease batch size value (which decreases memory usages for the temporary table). Current batch size: 100000; Allocated memory size: 50000000 bytes; InnoDB buffer pool size: 134217728 bytes. [] []
[2023-11-20T10:01:14.699443+00:00] main.WARNING: Memory size allocated for the temporary table is more than 20% of innodb_buffer_pool_size. Please update innodb_buffer_pool_size or decrease batch size value (which decreases memory usages for the temporary table). Current batch size: 100000; Allocated memory size: 50000000 bytes; InnoDB buffer pool size: 134217728 bytes. [] []
[2023-11-20T10:01:14.745832+00:00] main.WARNING: Memory size allocated for the temporary table is more than 20% of innodb_buffer_pool_size. Please update innodb_buffer_pool_size or decrease batch size value (which decreases memory usages for the temporary table). Current batch size: 100000; Allocated memory size: 50000000 bytes; InnoDB buffer pool size: 134217728 bytes. [] []
[2023-11-20T10:01:14.865886+00:00] main.WARNING: Memory size allocated for the temporary table is more than 20% of innodb_buffer_pool_size. Please update innodb_buffer_pool_size or decrease batch size value (which decreases memory usages for the temporary table). Current batch size: 100000; Allocated memory size: 50000000 bytes; InnoDB buffer pool size: 134217728 bytes. [] []
[2023-11-20T10:01:14.905469+00:00] main.WARNING: Memory size allocated for the temporary table is more than 20% of innodb_buffer_pool_size. Please update innodb_buffer_pool_size or decrease batch size value (which decreases memory usages for the temporary table). Current batch size: 100000; Allocated memory size: 50000000 bytes; InnoDB buffer pool size: 134217728 bytes. [] []
[2023-11-20T10:01:14.951875+00:00] main.WARNING: Memory size allocated for the temporary table is more than 20% of innodb_buffer_pool_size. Please update innodb_buffer_pool_size or decrease batch size value (which decreases memory usages for the temporary table). Current batch size: 100000; Allocated memory size: 50000000 bytes; InnoDB buffer pool size: 134217728 bytes. [] []
[2023-11-20T10:01:20.177993+00:00] main.WARNING: Memory size allocated for the temporary table is more than 20% of innodb_buffer_pool_size. Please update innodb_buffer_pool_size or decrease batch size value (which decreases memory usages for the temporary table). Current batch size: 3334; Allocated memory size: 40008000 bytes; InnoDB buffer pool size: 134217728 bytes. [] []
[2023-11-20T10:02:44.188147+00:00] main.WARNING: Memory size allocated for the temporary table is more than 20% of innodb_buffer_pool_size. Please update innodb_buffer_pool_size or decrease batch size value (which decreases memory usages for the temporary table). Current batch size: 100000; Allocated memory size: 50000000 bytes; InnoDB buffer pool size: 134217728 bytes. [] []
[2023-11-20T10:02:44.229888+00:00] main.WARNING: Memory size allocated for the temporary table is more than 20% of innodb_buffer_pool_size. Please update innodb_buffer_pool_size or decrease batch size value (which decreases memory usages for the temporary table). Current batch size: 100000; Allocated memory size: 50000000 bytes; InnoDB buffer pool size: 134217728 bytes. [] []
[2023-11-20T10:02:44.279361+00:00] main.WARNING: Memory size allocated for the temporary table is more than 20% of innodb_buffer_pool_size. Please update innodb_buffer_pool_size or decrease batch size value (which decreases memory usages for the temporary table). Current batch size: 100000; Allocated memory size: 50000000 bytes; InnoDB buffer pool size: 134217728 bytes. [] []
[2023-11-20T10:02:44.389505+00:00] main.WARNING: Memory size allocated for the temporary table is more than 20% of innodb_buffer_pool_size. Please update innodb_buffer_pool_size or decrease batch size value (which decreases memory usages for the temporary table). Current batch size: 100000; Allocated memory size: 50000000 bytes; InnoDB buffer pool size: 134217728 bytes. [] []
[2023-11-20T10:02:44.429581+00:00] main.WARNING: Memory size allocated for the temporary table is more than 20% of innodb_buffer_pool_size. Please update innodb_buffer_pool_size or decrease batch size value (which decreases memory usages for the temporary table). Current batch size: 100000; Allocated memory size: 50000000 bytes; InnoDB buffer pool size: 134217728 bytes. [] []
[2023-11-20T10:02:44.475597+00:00] main.WARNING: Memory size allocated for the temporary table is more than 20% of innodb_buffer_pool_size. Please update innodb_buffer_pool_size or decrease batch size value (which decreases memory usages for the temporary table). Current batch size: 100000; Allocated memory size: 50000000 bytes; InnoDB buffer pool size: 134217728 bytes. [] []
[2023-11-20T10:02:49.728774+00:00] main.WARNING: Memory size allocated for the temporary table is more than 20% of innodb_buffer_pool_size. Please update innodb_buffer_pool_size or decrease batch size value (which decreases memory usages for the temporary table). Current batch size: 3334; Allocated memory size: 40008000 bytes; InnoDB buffer pool size: 134217728 bytes. [] []
[2023-11-20T10:05:15.365914+00:00] main.WARNING: Memory size allocated for the temporary table is more than 20% of innodb_buffer_pool_size. Please update innodb_buffer_pool_size or decrease batch size value (which decreases memory usages for the temporary table). Current batch size: 100000; Allocated memory size: 50000000 bytes; InnoDB buffer pool size: 134217728 bytes. [] []
[2023-11-20T10:05:15.409190+00:00] main.WARNING: Memory size allocated for the temporary table is more than 20% of innodb_buffer_pool_size. Please update innodb_buffer_pool_size or decrease batch size value (which decreases memory usages for the temporary table). Current batch size: 100000; Allocated memory size: 50000000 bytes; InnoDB buffer pool size: 134217728 bytes. [] []
[2023-11-20T10:05:15.454972+00:00] main.WARNING: Memory size allocated for the temporary table is more than 20% of innodb_buffer_pool_size. Please update innodb_buffer_pool_size or decrease batch size value (which decreases memory usages for the temporary table). Current batch size: 100000; Allocated memory size: 50000000 bytes; InnoDB buffer pool size: 134217728 bytes. [] []
[2023-11-20T10:05:15.564659+00:00] main.WARNING: Memory size allocated for the temporary table is more than 20% of innodb_buffer_pool_size. Please update innodb_buffer_pool_size or decrease batch size value (which decreases memory usages for the temporary table). Current batch size: 100000; Allocated memory size: 50000000 bytes; InnoDB buffer pool size: 134217728 bytes. [] []
[2023-11-20T10:05:15.604603+00:00] main.WARNING: Memory size allocated for the temporary table is more than 20% of innodb_buffer_pool_size. Please update innodb_buffer_pool_size or decrease batch size value (which decreases memory usages for the temporary table). Current batch size: 100000; Allocated memory size: 50000000 bytes; InnoDB buffer pool size: 134217728 bytes. [] []
[2023-11-20T10:05:15.651097+00:00] main.WARNING: Memory size allocated for the temporary table is more than 20% of innodb_buffer_pool_size. Please update innodb_buffer_pool_size or decrease batch size value (which decreases memory usages for the temporary table). Current batch size: 100000; Allocated memory size: 50000000 bytes; InnoDB buffer pool size: 134217728 bytes. [] []
[2023-11-20T10:05:20.894336+00:00] main.WARNING: Memory size allocated for the temporary table is more than 20% of innodb_buffer_pool_size. Please update innodb_buffer_pool_size or decrease batch size value (which decreases memory usages for the temporary table). Current batch size: 3334; Allocated memory size: 40008000 bytes; InnoDB buffer pool size: 134217728 bytes. [] []
[2023-11-20T10:06:37.477960+00:00] main.WARNING: Memory size allocated for the temporary table is more than 20% of innodb_buffer_pool_size. Please update innodb_buffer_pool_size or decrease batch size value (which decreases memory usages for the temporary table). Current batch size: 100000; Allocated memory size: 50000000 bytes; InnoDB buffer pool size: 134217728 bytes. [] []
[2023-11-20T10:06:37.519028+00:00] main.WARNING: Memory size allocated for the temporary table is more than 20% of innodb_buffer_pool_size. Please update innodb_buffer_pool_size or decrease batch size value (which decreases memory usages for the temporary table). Current batch size: 100000; Allocated memory size: 50000000 bytes; InnoDB buffer pool size: 134217728 bytes. [] []
[2023-11-20T10:06:37.565555+00:00] main.WARNING: Memory size allocated for the temporary table is more than 20% of innodb_buffer_pool_size. Please update innodb_buffer_pool_size or decrease batch size value (which decreases memory usages for the temporary table). Current batch size: 100000; Allocated memory size: 50000000 bytes; InnoDB buffer pool size: 134217728 bytes. [] []
[2023-11-20T10:06:37.678963+00:00] main.WARNING: Memory size allocated for the temporary table is more than 20% of innodb_buffer_pool_size. Please update innodb_buffer_pool_size or decrease batch size value (which decreases memory usages for the temporary table). Current batch size: 100000; Allocated memory size: 50000000 bytes; InnoDB buffer pool size: 134217728 bytes. [] []
[2023-11-20T10:06:37.718964+00:00] main.WARNING: Memory size allocated for the temporary table is more than 20% of innodb_buffer_pool_size. Please update innodb_buffer_pool_size or decrease batch size value (which decreases memory usages for the temporary table). Current batch size: 100000; Allocated memory size: 50000000 bytes; InnoDB buffer pool size: 134217728 bytes. [] []
[2023-11-20T10:06:37.764867+00:00] main.WARNING: Memory size allocated for the temporary table is more than 20% of innodb_buffer_pool_size. Please update innodb_buffer_pool_size or decrease batch size value (which decreases memory usages for the temporary table). Current batch size: 100000; Allocated memory size: 50000000 bytes; InnoDB buffer pool size: 134217728 bytes. [] []
[2023-11-20T10:06:42.964265+00:00] main.WARNING: Memory size allocated for the temporary table is more than 20% of innodb_buffer_pool_size. Please update innodb_buffer_pool_size or decrease batch size value (which decreases memory usages for the temporary table). Current batch size: 3334; Allocated memory size: 40008000 bytes; InnoDB buffer pool size: 134217728 bytes. [] []
[2023-11-20T10:11:23.351984+00:00] main.WARNING: Memory size allocated for the temporary table is more than 20% of innodb_buffer_pool_size. Please update innodb_buffer_pool_size or decrease batch size value (which decreases memory usages for the temporary table). Current batch size: 100000; Allocated memory size: 50000000 bytes; InnoDB buffer pool size: 134217728 bytes. [] []
[2023-11-20T10:11:23.393433+00:00] main.WARNING: Memory size allocated for the temporary table is more than 20% of innodb_buffer_pool_size. Please update innodb_buffer_pool_size or decrease batch size value (which decreases memory usages for the temporary table). Current batch size: 100000; Allocated memory size: 50000000 bytes; InnoDB buffer pool size: 134217728 bytes. [] []
[2023-11-20T10:11:23.439518+00:00] main.WARNING: Memory size allocated for the temporary table is more than 20% of innodb_buffer_pool_size. Please update innodb_buffer_pool_size or decrease batch size value (which decreases memory usages for the temporary table). Current batch size: 100000; Allocated memory size: 50000000 bytes; InnoDB buffer pool size: 134217728 bytes. [] []
[2023-11-20T10:11:23.550326+00:00] main.WARNING: Memory size allocated for the temporary table is more than 20% of innodb_buffer_pool_size. Please update innodb_buffer_pool_size or decrease batch size value (which decreases memory usages for the temporary table). Current batch size: 100000; Allocated memory size: 50000000 bytes; InnoDB buffer pool size: 134217728 bytes. [] []
[2023-11-20T10:11:23.589023+00:00] main.WARNING: Memory size allocated for the temporary table is more than 20% of innodb_buffer_pool_size. Please update innodb_buffer_pool_size or decrease batch size value (which decreases memory usages for the temporary table). Current batch size: 100000; Allocated memory size: 50000000 bytes; InnoDB buffer pool size: 134217728 bytes. [] []
[2023-11-20T10:11:23.635259+00:00] main.WARNING: Memory size allocated for the temporary table is more than 20% of innodb_buffer_pool_size. Please update innodb_buffer_pool_size or decrease batch size value (which decreases memory usages for the temporary table). Current batch size: 100000; Allocated memory size: 50000000 bytes; InnoDB buffer pool size: 134217728 bytes. [] []
[2023-11-20T10:11:28.831330+00:00] main.WARNING: Memory size allocated for the temporary table is more than 20% of innodb_buffer_pool_size. Please update innodb_buffer_pool_size or decrease batch size value (which decreases memory usages for the temporary table). Current batch size: 3334; Allocated memory size: 40008000 bytes; InnoDB buffer pool size: 134217728 bytes. [] []
[2023-11-20T10:12:26.807559+00:00] main.WARNING: Memory size allocated for the temporary table is more than 20% of innodb_buffer_pool_size. Please update innodb_buffer_pool_size or decrease batch size value (which decreases memory usages for the temporary table). Current batch size: 100000; Allocated memory size: 50000000 bytes; InnoDB buffer pool size: 134217728 bytes. [] []
[2023-11-20T10:12:26.851117+00:00] main.WARNING: Memory size allocated for the temporary table is more than 20% of innodb_buffer_pool_size. Please update innodb_buffer_pool_size or decrease batch size value (which decreases memory usages for the temporary table). Current batch size: 100000; Allocated memory size: 50000000 bytes; InnoDB buffer pool size: 134217728 bytes. [] []
[2023-11-20T10:12:26.896528+00:00] main.WARNING: Memory size allocated for the temporary table is more than 20% of innodb_buffer_pool_size. Please update innodb_buffer_pool_size or decrease batch size value (which decreases memory usages for the temporary table). Current batch size: 100000; Allocated memory size: 50000000 bytes; InnoDB buffer pool size: 134217728 bytes. [] []
[2023-11-20T10:12:27.010140+00:00] main.WARNING: Memory size allocated for the temporary table is more than 20% of innodb_buffer_pool_size. Please update innodb_buffer_pool_size or decrease batch size value (which decreases memory usages for the temporary table). Current batch size: 100000; Allocated memory size: 50000000 bytes; InnoDB buffer pool size: 134217728 bytes. [] []
[2023-11-20T10:12:27.050071+00:00] main.WARNING: Memory size allocated for the temporary table is more than 20% of innodb_buffer_pool_size. Please update innodb_buffer_pool_size or decrease batch size value (which decreases memory usages for the temporary table). Current batch size: 100000; Allocated memory size: 50000000 bytes; InnoDB buffer pool size: 134217728 bytes. [] []
[2023-11-20T10:12:27.105831+00:00] main.WARNING: Memory size allocated for the temporary table is more than 20% of innodb_buffer_pool_size. Please update innodb_buffer_pool_size or decrease batch size value (which decreases memory usages for the temporary table). Current batch size: 100000; Allocated memory size: 50000000 bytes; InnoDB buffer pool size: 134217728 bytes. [] []
[2023-11-20T10:12:32.316085+00:00] main.WARNING: Memory size allocated for the temporary table is more than 20% of innodb_buffer_pool_size. Please update innodb_buffer_pool_size or decrease batch size value (which decreases memory usages for the temporary table). Current batch size: 3334; Allocated memory size: 40008000 bytes; InnoDB buffer pool size: 134217728 bytes. [] []
[2023-11-20T10:16:32.981667+00:00] main.WARNING: Memory size allocated for the temporary table is more than 20% of innodb_buffer_pool_size. Please update innodb_buffer_pool_size or decrease batch size value (which decreases memory usages for the temporary table). Current batch size: 100000; Allocated memory size: 50000000 bytes; InnoDB buffer pool size: 134217728 bytes. [] []
[2023-11-20T10:16:33.023736+00:00] main.WARNING: Memory size allocated for the temporary table is more than 20% of innodb_buffer_pool_size. Please update innodb_buffer_pool_size or decrease batch size value (which decreases memory usages for the temporary table). Current batch size: 100000; Allocated memory size: 50000000 bytes; InnoDB buffer pool size: 134217728 bytes. [] []
[2023-11-20T10:16:33.068918+00:00] main.WARNING: Memory size allocated for the temporary table is more than 20% of innodb_buffer_pool_size. Please update innodb_buffer_pool_size or decrease batch size value (which decreases memory usages for the temporary table). Current batch size: 100000; Allocated memory size: 50000000 bytes; InnoDB buffer pool size: 134217728 bytes. [] []
[2023-11-20T10:16:33.178746+00:00] main.WARNING: Memory size allocated for the temporary table is more than 20% of innodb_buffer_pool_size. Please update innodb_buffer_pool_size or decrease batch size value (which decreases memory usages for the temporary table). Current batch size: 100000; Allocated memory size: 50000000 bytes; InnoDB buffer pool size: 134217728 bytes. [] []
[2023-11-20T10:16:33.219827+00:00] main.WARNING: Memory size allocated for the temporary table is more than 20% of innodb_buffer_pool_size. Please update innodb_buffer_pool_size or decrease batch size value (which decreases memory usages for the temporary table). Current batch size: 100000; Allocated memory size: 50000000 bytes; InnoDB buffer pool size: 134217728 bytes. [] []
[2023-11-20T10:16:33.267742+00:00] main.WARNING: Memory size allocated for the temporary table is more than 20% of innodb_buffer_pool_size. Please update innodb_buffer_pool_size or decrease batch size value (which decreases memory usages for the temporary table). Current batch size: 100000; Allocated memory size: 50000000 bytes; InnoDB buffer pool size: 134217728 bytes. [] []
[2023-11-20T10:16:38.524503+00:00] main.WARNING: Memory size allocated for the temporary table is more than 20% of innodb_buffer_pool_size. Please update innodb_buffer_pool_size or decrease batch size value (which decreases memory usages for the temporary table). Current batch size: 3334; Allocated memory size: 40008000 bytes; InnoDB buffer pool size: 134217728 bytes. [] []
[2023-11-20T13:43:32.750529+00:00] main.WARNING: Memory size allocated for the temporary table is more than 20% of innodb_buffer_pool_size. Please update innodb_buffer_pool_size or decrease batch size value (which decreases memory usages for the temporary table). Current batch size: 100000; Allocated memory size: 50000000 bytes; InnoDB buffer pool size: 134217728 bytes. [] []
[2023-11-20T13:43:32.793088+00:00] main.WARNING: Memory size allocated for the temporary table is more than 20% of innodb_buffer_pool_size. Please update innodb_buffer_pool_size or decrease batch size value (which decreases memory usages for the temporary table). Current batch size: 100000; Allocated memory size: 50000000 bytes; InnoDB buffer pool size: 134217728 bytes. [] []
[2023-11-20T13:43:32.839031+00:00] main.WARNING: Memory size allocated for the temporary table is more than 20% of innodb_buffer_pool_size. Please update innodb_buffer_pool_size or decrease batch size value (which decreases memory usages for the temporary table). Current batch size: 100000; Allocated memory size: 50000000 bytes; InnoDB buffer pool size: 134217728 bytes. [] []
[2023-11-20T13:43:32.949407+00:00] main.WARNING: Memory size allocated for the temporary table is more than 20% of innodb_buffer_pool_size. Please update innodb_buffer_pool_size or decrease batch size value (which decreases memory usages for the temporary table). Current batch size: 100000; Allocated memory size: 50000000 bytes; InnoDB buffer pool size: 134217728 bytes. [] []
[2023-11-20T13:43:32.988524+00:00] main.WARNING: Memory size allocated for the temporary table is more than 20% of innodb_buffer_pool_size. Please update innodb_buffer_pool_size or decrease batch size value (which decreases memory usages for the temporary table). Current batch size: 100000; Allocated memory size: 50000000 bytes; InnoDB buffer pool size: 134217728 bytes. [] []
[2023-11-20T13:43:33.035956+00:00] main.WARNING: Memory size allocated for the temporary table is more than 20% of innodb_buffer_pool_size. Please update innodb_buffer_pool_size or decrease batch size value (which decreases memory usages for the temporary table). Current batch size: 100000; Allocated memory size: 50000000 bytes; InnoDB buffer pool size: 134217728 bytes. [] []
[2023-11-20T13:43:38.256472+00:00] main.WARNING: Memory size allocated for the temporary table is more than 20% of innodb_buffer_pool_size. Please update innodb_buffer_pool_size or decrease batch size value (which decreases memory usages for the temporary table). Current batch size: 3334; Allocated memory size: 40008000 bytes; InnoDB buffer pool size: 134217728 bytes. [] []
[2023-11-21T09:06:18.923998+00:00] main.WARNING: Memory size allocated for the temporary table is more than 20% of innodb_buffer_pool_size. Please update innodb_buffer_pool_size or decrease batch size value (which decreases memory usages for the temporary table). Current batch size: 100000; Allocated memory size: 50000000 bytes; InnoDB buffer pool size: 134217728 bytes. [] []
[2023-11-21T09:06:18.966289+00:00] main.WARNING: Memory size allocated for the temporary table is more than 20% of innodb_buffer_pool_size. Please update innodb_buffer_pool_size or decrease batch size value (which decreases memory usages for the temporary table). Current batch size: 100000; Allocated memory size: 50000000 bytes; InnoDB buffer pool size: 134217728 bytes. [] []
[2023-11-21T09:06:19.011473+00:00] main.WARNING: Memory size allocated for the temporary table is more than 20% of innodb_buffer_pool_size. Please update innodb_buffer_pool_size or decrease batch size value (which decreases memory usages for the temporary table). Current batch size: 100000; Allocated memory size: 50000000 bytes; InnoDB buffer pool size: 134217728 bytes. [] []
[2023-11-21T09:06:19.121528+00:00] main.WARNING: Memory size allocated for the temporary table is more than 20% of innodb_buffer_pool_size. Please update innodb_buffer_pool_size or decrease batch size value (which decreases memory usages for the temporary table). Current batch size: 100000; Allocated memory size: 50000000 bytes; InnoDB buffer pool size: 134217728 bytes. [] []
[2023-11-21T09:06:19.161303+00:00] main.WARNING: Memory size allocated for the temporary table is more than 20% of innodb_buffer_pool_size. Please update innodb_buffer_pool_size or decrease batch size value (which decreases memory usages for the temporary table). Current batch size: 100000; Allocated memory size: 50000000 bytes; InnoDB buffer pool size: 134217728 bytes. [] []
[2023-11-21T09:06:19.208899+00:00] main.WARNING: Memory size allocated for the temporary table is more than 20% of innodb_buffer_pool_size. Please update innodb_buffer_pool_size or decrease batch size value (which decreases memory usages for the temporary table). Current batch size: 100000; Allocated memory size: 50000000 bytes; InnoDB buffer pool size: 134217728 bytes. [] []
[2023-11-21T09:06:24.454731+00:00] main.WARNING: Memory size allocated for the temporary table is more than 20% of innodb_buffer_pool_size. Please update innodb_buffer_pool_size or decrease batch size value (which decreases memory usages for the temporary table). Current batch size: 3334; Allocated memory size: 40008000 bytes; InnoDB buffer pool size: 134217728 bytes. [] []
[2023-11-21T09:07:01.137727+00:00] main.ERROR: Invalid return type [] []
[2023-11-21T09:08:45.275495+00:00] main.ERROR: Invalid return type [] []
[2023-11-21T10:08:54.188673+00:00] main.ERROR: Unable to resolve the source file for 'frontend/Magento/luma/en_US/moment.min.js.map' [] []
[2023-11-21T10:08:54.189205+00:00] main.CRITICAL: Unable to resolve the source file for 'frontend/Magento/luma/en_US/moment.min.js.map' [] []
[2023-11-21T10:09:55.471007+00:00] main.ERROR: Unable to resolve the source file for 'frontend/Magento/luma/en_US/moment.min.js.map' [] []
[2023-11-21T10:09:55.471706+00:00] main.CRITICAL: Unable to resolve the source file for 'frontend/Magento/luma/en_US/moment.min.js.map' [] []
[2023-11-21T10:09:57.458731+00:00] main.ERROR: Unable to resolve the source file for 'frontend/Magento/luma/en_US/moment.min.js.map' [] []
[2023-11-21T10:09:57.459064+00:00] main.CRITICAL: Unable to resolve the source file for 'frontend/Magento/luma/en_US/moment.min.js.map' [] []
[2023-11-21T10:10:29.833647+00:00] main.WARNING: Memory size allocated for the temporary table is more than 20% of innodb_buffer_pool_size. Please update innodb_buffer_pool_size or decrease batch size value (which decreases memory usages for the temporary table). Current batch size: 100000; Allocated memory size: 50000000 bytes; InnoDB buffer pool size: 134217728 bytes. [] []
[2023-11-21T10:10:29.874721+00:00] main.WARNING: Memory size allocated for the temporary table is more than 20% of innodb_buffer_pool_size. Please update innodb_buffer_pool_size or decrease batch size value (which decreases memory usages for the temporary table). Current batch size: 100000; Allocated memory size: 50000000 bytes; InnoDB buffer pool size: 134217728 bytes. [] []
[2023-11-21T10:10:29.921476+00:00] main.WARNING: Memory size allocated for the temporary table is more than 20% of innodb_buffer_pool_size. Please update innodb_buffer_pool_size or decrease batch size value (which decreases memory usages for the temporary table). Current batch size: 100000; Allocated memory size: 50000000 bytes; InnoDB buffer pool size: 134217728 bytes. [] []
[2023-11-21T10:10:30.033716+00:00] main.WARNING: Memory size allocated for the temporary table is more than 20% of innodb_buffer_pool_size. Please update innodb_buffer_pool_size or decrease batch size value (which decreases memory usages for the temporary table). Current batch size: 100000; Allocated memory size: 50000000 bytes; InnoDB buffer pool size: 134217728 bytes. [] []
[2023-11-21T10:10:30.073157+00:00] main.WARNING: Memory size allocated for the temporary table is more than 20% of innodb_buffer_pool_size. Please update innodb_buffer_pool_size or decrease batch size value (which decreases memory usages for the temporary table). Current batch size: 100000; Allocated memory size: 50000000 bytes; InnoDB buffer pool size: 134217728 bytes. [] []
[2023-11-21T10:10:30.118679+00:00] main.WARNING: Memory size allocated for the temporary table is more than 20% of innodb_buffer_pool_size. Please update innodb_buffer_pool_size or decrease batch size value (which decreases memory usages for the temporary table). Current batch size: 100000; Allocated memory size: 50000000 bytes; InnoDB buffer pool size: 134217728 bytes. [] []
[2023-11-21T10:10:35.439896+00:00] main.WARNING: Memory size allocated for the temporary table is more than 20% of innodb_buffer_pool_size. Please update innodb_buffer_pool_size or decrease batch size value (which decreases memory usages for the temporary table). Current batch size: 3334; Allocated memory size: 40008000 bytes; InnoDB buffer pool size: 134217728 bytes. [] []
[2023-11-21T12:01:09.734939+00:00] main.WARNING: Memory size allocated for the temporary table is more than 20% of innodb_buffer_pool_size. Please update innodb_buffer_pool_size or decrease batch size value (which decreases memory usages for the temporary table). Current batch size: 100000; Allocated memory size: 50000000 bytes; InnoDB buffer pool size: 134217728 bytes. [] []
[2023-11-21T12:01:09.775659+00:00] main.WARNING: Memory size allocated for the temporary table is more than 20% of innodb_buffer_pool_size. Please update innodb_buffer_pool_size or decrease batch size value (which decreases memory usages for the temporary table). Current batch size: 100000; Allocated memory size: 50000000 bytes; InnoDB buffer pool size: 134217728 bytes. [] []
[2023-11-21T12:01:09.821045+00:00] main.WARNING: Memory size allocated for the temporary table is more than 20% of innodb_buffer_pool_size. Please update innodb_buffer_pool_size or decrease batch size value (which decreases memory usages for the temporary table). Current batch size: 100000; Allocated memory size: 50000000 bytes; InnoDB buffer pool size: 134217728 bytes. [] []
[2023-11-21T12:01:09.930905+00:00] main.WARNING: Memory size allocated for the temporary table is more than 20% of innodb_buffer_pool_size. Please update innodb_buffer_pool_size or decrease batch size value (which decreases memory usages for the temporary table). Current batch size: 100000; Allocated memory size: 50000000 bytes; InnoDB buffer pool size: 134217728 bytes. [] []
[2023-11-21T12:01:09.969837+00:00] main.WARNING: Memory size allocated for the temporary table is more than 20% of innodb_buffer_pool_size. Please update innodb_buffer_pool_size or decrease batch size value (which decreases memory usages for the temporary table). Current batch size: 100000; Allocated memory size: 50000000 bytes; InnoDB buffer pool size: 134217728 bytes. [] []
[2023-11-21T12:01:10.015378+00:00] main.WARNING: Memory size allocated for the temporary table is more than 20% of innodb_buffer_pool_size. Please update innodb_buffer_pool_size or decrease batch size value (which decreases memory usages for the temporary table). Current batch size: 100000; Allocated memory size: 50000000 bytes; InnoDB buffer pool size: 134217728 bytes. [] []
[2023-11-21T12:01:15.455806+00:00] main.WARNING: Memory size allocated for the temporary table is more than 20% of innodb_buffer_pool_size. Please update innodb_buffer_pool_size or decrease batch size value (which decreases memory usages for the temporary table). Current batch size: 3334; Allocated memory size: 40008000 bytes; InnoDB buffer pool size: 134217728 bytes. [] []
[2023-11-21T12:01:53.877557+00:00] main.INFO: Broken reference: the 'catalog.compare.sidebar' element cannot be added as child to 'sidebar.additional', because the latter doesn't exist [] []
[2023-11-21T12:01:53.877890+00:00] main.INFO: Broken reference: the 'sale.reorder.sidebar' element cannot be added as child to 'sidebar.additional', because the latter doesn't exist [] []
[2023-11-21T12:01:53.877983+00:00] main.INFO: Broken reference: the 'wishlist_sidebar' element cannot be added as child to 'sidebar.additional', because the latter doesn't exist [] []
[2023-11-21T12:01:56.282823+00:00] main.ERROR: Unable to resolve the source file for 'frontend/Magento/luma/en_US/moment.min.js.map' [] []
[2023-11-21T12:01:56.283143+00:00] main.CRITICAL: Unable to resolve the source file for 'frontend/Magento/luma/en_US/moment.min.js.map' [] []
[2023-11-21T13:26:53.248319+00:00] main.INFO: Broken reference: the 'catalog.compare.sidebar' element cannot be added as child to 'sidebar.additional', because the latter doesn't exist [] []
[2023-11-21T13:26:53.248653+00:00] main.INFO: Broken reference: the 'sale.reorder.sidebar' element cannot be added as child to 'sidebar.additional', because the latter doesn't exist [] []
[2023-11-21T13:26:53.248750+00:00] main.INFO: Broken reference: the 'wishlist_sidebar' element cannot be added as child to 'sidebar.additional', because the latter doesn't exist [] []
[2023-11-21T13:26:53.798676+00:00] main.ERROR: Unable to resolve the source file for 'frontend/Magento/luma/en_US/moment.min.js.map' [] []
[2023-11-21T13:26:53.799322+00:00] main.CRITICAL: Unable to resolve the source file for 'frontend/Magento/luma/en_US/moment.min.js.map' [] []
[2023-11-21T13:26:55.096045+00:00] main.INFO: Broken reference: the 'catalog.compare.sidebar' element cannot be added as child to 'sidebar.additional', because the latter doesn't exist [] []
[2023-11-21T13:26:55.096465+00:00] main.INFO: Broken reference: the 'sale.reorder.sidebar' element cannot be added as child to 'sidebar.additional', because the latter doesn't exist [] []
[2023-11-21T13:26:55.096571+00:00] main.INFO: Broken reference: the 'wishlist_sidebar' element cannot be added as child to 'sidebar.additional', because the latter doesn't exist [] []
[2023-11-21T13:26:55.340493+00:00] main.ERROR: Unable to resolve the source file for 'frontend/Magento/luma/en_US/moment.min.js.map' [] []
[2023-11-21T13:26:55.340805+00:00] main.CRITICAL: Unable to resolve the source file for 'frontend/Magento/luma/en_US/moment.min.js.map' [] []
[2023-11-21T13:27:00.691064+00:00] main.INFO: Broken reference: the 'catalog.compare.sidebar' element cannot be added as child to 'sidebar.additional', because the latter doesn't exist [] []
[2023-11-21T13:27:00.691394+00:00] main.INFO: Broken reference: the 'sale.reorder.sidebar' element cannot be added as child to 'sidebar.additional', because the latter doesn't exist [] []
[2023-11-21T13:27:00.691491+00:00] main.INFO: Broken reference: the 'wishlist_sidebar' element cannot be added as child to 'sidebar.additional', because the latter doesn't exist [] []
[2023-11-21T13:27:01.004302+00:00] main.ERROR: Unable to resolve the source file for 'frontend/Magento/luma/en_US/moment.min.js.map' [] []
[2023-11-21T13:27:01.004847+00:00] main.CRITICAL: Unable to resolve the source file for 'frontend/Magento/luma/en_US/moment.min.js.map' [] []
